
/home/runner/work/exp-characteristics-of-centrifugal-pump-iitk/exp-characteristics-of-centrifugal-pump-iitk/experiment/simulation/script/project.js
    2:5   warning  'hmessage' is assigned a value but never used   no-unused-vars
   18:5   warning  'message' is assigned a value but never used    no-unused-vars
   36:5   warning  'startlab2' is assigned a value but never used  no-unused-vars
   41:5   warning  'tablesdiv' is assigned a value but never used  no-unused-vars
   42:5   warning  'inftext' is assigned a value but never used    no-unused-vars
   54:10  warning  'start' is defined but never used               no-unused-vars
   62:9   warning  'showLabel' is not defined                      no-undef
   88:9   warning  'pipette5' is not defined                       no-undef
  107:12  warning  'stp993' is not defined                         no-undef
  108:12  warning  'stp993' is not defined                         no-undef
  109:12  warning  'straight_butyrometer_amyl' is not defined      no-undef
  125:12  warning  'stp993' is not defined                         no-undef
  126:13  warning  'straight_butyrometer3' is not defined          no-undef

/home/runner/work/exp-characteristics-of-centrifugal-pump-iitk/exp-characteristics-of-centrifugal-pump-iitk/experiment/simulation/script/step1.js
    25:7   warning  'ball_valves' is assigned a value but never used               no-unused-vars
    30:7   warning  'flow_transmitter' is assigned a value but never used          no-unused-vars
    35:7   warning  'control_panel' is assigned a value but never used             no-unused-vars
    36:7   warning  'pumpA_controller' is assigned a value but never used          no-unused-vars
    37:7   warning  'pumpA_suction_pressure' is assigned a value but never used    no-unused-vars
    39:7   warning  'pumpA_flowrate' is assigned a value but never used            no-unused-vars
    40:7   warning  'pumpA_rpm' is assigned a value but never used                 no-unused-vars
    43:7   warning  'pumpB_controller' is assigned a value but never used          no-unused-vars
    45:7   warning  'pumpB_discharge_pressure' is assigned a value but never used  no-unused-vars
    46:7   warning  'pumpB_flowrate' is assigned a value but never used            no-unused-vars
    47:7   warning  'pumpB_rpm' is assigned a value but never used                 no-unused-vars
   115:10  warning  'showLabel' is defined but never used                          no-unused-vars
   116:7   warning  'f' is not defined                                             no-undef
   119:5   warning  'ins' is not defined                                           no-undef
   120:5   warning  'startbutton' is not defined                                   no-undef
   121:5   warning  'startbutton' is not defined                                   no-undef
   122:5   warning  'startlab' is not defined                                      no-undef
   123:5   warning  'startbutton' is not defined                                   no-undef
   124:6   warning  'startbutton' is not defined                                   no-undef
   125:5   warning  'f' is not defined                                             no-undef
   130:7   warning  'f' is not defined                                             no-undef
   133:5   warning  'ins' is not defined                                           no-undef
   137:5   warning  'startbutton' is not defined                                   no-undef
   138:5   warning  'startlab' is not defined                                      no-undef
   139:5   warning  'startbutton' is not defined                                   no-undef
   140:6   warning  'startbutton' is not defined                                   no-undef
   141:5   warning  'f' is not defined                                             no-undef
   146:7   warning  'f' is not defined                                             no-undef
   149:5   warning  'ins' is not defined                                           no-undef
   153:5   warning  'startbutton' is not defined                                   no-undef
   154:5   warning  'startlab' is not defined                                      no-undef
   155:5   warning  'startbutton' is not defined                                   no-undef
   156:6   warning  'startbutton' is not defined                                   no-undef
   157:5   warning  'f' is not defined                                             no-undef
   162:7   warning  'f' is not defined                                             no-undef
   165:5   warning  'ins' is not defined                                           no-undef
   171:5   warning  'startbutton' is not defined                                   no-undef
   172:5   warning  'startlab' is not defined                                      no-undef
   173:5   warning  'startbutton' is not defined                                   no-undef
   174:6   warning  'startbutton' is not defined                                   no-undef
   175:5   warning  'f' is not defined                                             no-undef
   180:7   warning  'f' is not defined                                             no-undef
   183:5   warning  'ins' is not defined                                           no-undef
   187:5   warning  'startbutton' is not defined                                   no-undef
   188:5   warning  'startlab' is not defined                                      no-undef
   189:5   warning  'startbutton' is not defined                                   no-undef
   190:6   warning  'startbutton' is not defined                                   no-undef
   191:5   warning  'f' is not defined                                             no-undef
   196:7   warning  'f' is not defined                                             no-undef
   199:5   warning  'ins' is not defined                                           no-undef
   222:7   warning  'startbutton' is not defined                                   no-undef
   223:5   warning  'startlab' is not defined                                      no-undef
   224:5   warning  'startbutton' is not defined                                   no-undef
   225:6   warning  'startbutton' is not defined                                   no-undef
   227:5   warning  'f' is not defined                                             no-undef
   234:7   warning  'f' is not defined                                             no-undef
   237:5   warning  'ins' is not defined                                           no-undef
   247:7   warning  'startbutton' is not defined                                   no-undef
   248:5   warning  'startlab' is not defined                                      no-undef
   249:5   warning  'startbutton' is not defined                                   no-undef
   250:6   warning  'startbutton' is not defined                                   no-undef
   254:5   warning  'f' is not defined                                             no-undef
   261:7   warning  'f' is not defined                                             no-undef
   264:5   warning  'ins' is not defined                                           no-undef
   274:7   warning  'startbutton' is not defined                                   no-undef
   275:5   warning  'startlab' is not defined                                      no-undef
   276:5   warning  'startbutton' is not defined                                   no-undef
   277:6   warning  'startbutton' is not defined                                   no-undef
   281:5   warning  'f' is not defined                                             no-undef
   286:7   warning  'f' is not defined                                             no-undef
   289:5   warning  'ins' is not defined                                           no-undef
   299:7   warning  'startbutton' is not defined                                   no-undef
   300:5   warning  'startlab' is not defined                                      no-undef
   301:5   warning  'startbutton' is not defined                                   no-undef
   302:6   warning  'startbutton' is not defined                                   no-undef
   306:5   warning  'f' is not defined                                             no-undef
   312:7   warning  'f' is not defined                                             no-undef
   315:5   warning  'ins' is not defined                                           no-undef
   322:11  warning  'ins' is not defined                                           no-undef
   324:10  warning  'f' is not defined                                             no-undef
   328:24  warning  'f' is not defined                                             no-undef
   329:24  warning  'f' is not defined                                             no-undef
   333:7   warning  'f' is not defined                                             no-undef
   334:10  warning  'f' is not defined                                             no-undef
   338:5   warning  'ins' is not defined                                           no-undef
   347:19  warning  'f' is not defined                                             no-undef
   357:5   warning  'f' is not defined                                             no-undef
   359:17  warning  'f' is not defined                                             no-undef
   371:9   warning  'ins' is not defined                                           no-undef
   376:7   warning  'f' is not defined                                             no-undef
   377:5   warning  'f' is not defined                                             no-undef
   379:10  warning  'f' is not defined                                             no-undef
   380:6   warning  'f' is not defined                                             no-undef
   387:5   warning  'ins' is not defined                                           no-undef
   392:12  warning  'f' is not defined                                             no-undef
   393:11  warning  'f' is not defined                                             no-undef
   400:7   warning  'ins' is not defined                                           no-undef
   405:11  warning  'f' is not defined                                             no-undef
   415:10  warning  'ins' is not defined                                           no-undef
   422:4   warning  'f' is not defined                                             no-undef
   423:3   warning  'f' is not defined                                             no-undef
   424:3   warning  'ins' is not defined                                           no-undef
   472:10  warning  'ins' is not defined                                           no-undef
   476:18  warning  'f' is not defined                                             no-undef
   477:17  warning  'f' is not defined                                             no-undef
   499:17  warning  'ins' is not defined                                           no-undef
   502:24  warning  'f' is not defined                                             no-undef
   503:17  warning  'f' is not defined                                             no-undef
   515:24  warning  'f' is not defined                                             no-undef
   516:17  warning  'f' is not defined                                             no-undef
   537:21  warning  'f' is not defined                                             no-undef
   538:17  warning  'f' is not defined                                             no-undef
   539:17  warning  'ins' is not defined                                           no-undef
   560:17  warning  'ins' is not defined                                           no-undef
   562:18  warning  'startbutton' is not defined                                   no-undef
   563:5   warning  'startlab' is not defined                                      no-undef
   564:5   warning  'startbutton' is not defined                                   no-undef
   565:6   warning  'startbutton' is not defined                                   no-undef
   639:4   warning  'f' is not defined                                             no-undef
   691:4   warning  'f' is not defined                                             no-undef
   734:9   warning  'ins' is not defined                                           no-undef
   740:5   warning  'ins' is not defined                                           no-undef
   746:5   warning  'ins' is not defined                                           no-undef
   748:14  warning  'f' is not defined                                             no-undef
   749:11  warning  'f' is not defined                                             no-undef
   782:9   warning  'ins' is not defined                                           no-undef
   803:14  warning  'ins' is not defined                                           no-undef
   805:15  warning  'startbutton' is not defined                                   no-undef
   806:5   warning  'startlab' is not defined                                      no-undef
   807:5   warning  'startbutton' is not defined                                   no-undef
   808:6   warning  'startbutton' is not defined                                   no-undef
   818:5   warning  'ins' is not defined                                           no-undef
   820:13  warning  'f' is not defined                                             no-undef
   821:11  warning  'f' is not defined                                             no-undef
   845:11  warning  'ins' is not defined                                           no-undef
   856:9   warning  'ins' is not defined                                           no-undef
   861:11  warning  'ins' is not defined                                           no-undef
   876:14  warning  'ins' is not defined                                           no-undef
   878:15  warning  'startbutton' is not defined                                   no-undef
   879:5   warning  'startlab' is not defined                                      no-undef
   880:5   warning  'startbutton' is not defined                                   no-undef
   881:6   warning  'startbutton' is not defined                                   no-undef
   892:5   warning  'ins' is not defined                                           no-undef
   894:14  warning  'f' is not defined                                             no-undef
   895:11  warning  'f' is not defined                                             no-undef
   920:11  warning  'ins' is not defined                                           no-undef
   931:9   warning  'ins' is not defined                                           no-undef
   943:11  warning  'ins' is not defined                                           no-undef
   958:14  warning  'ins' is not defined                                           no-undef
   960:15  warning  'startbutton' is not defined                                   no-undef
   961:5   warning  'startlab' is not defined                                      no-undef
   962:5   warning  'startbutton' is not defined                                   no-undef
   963:6   warning  'startbutton' is not defined                                   no-undef
   974:5   warning  'ins' is not defined                                           no-undef
   976:14  warning  'f' is not defined                                             no-undef
   977:11  warning  'f' is not defined                                             no-undef
  1002:11  warning  'ins' is not defined                                           no-undef
  1013:9   warning  'ins' is not defined                                           no-undef
  1018:11  warning  'ins' is not defined                                           no-undef
  1033:14  warning  'ins' is not defined                                           no-undef
  1035:15  warning  'startbutton' is not defined                                   no-undef
  1036:5   warning  'startlab' is not defined                                      no-undef
  1037:5   warning  'startbutton' is not defined                                   no-undef
  1038:6   warning  'startbutton' is not defined                                   no-undef
  1049:3   warning  'ins' is not defined                                           no-undef
  1061:9   warning  'f' is not defined                                             no-undef
  1062:7   warning  'f' is not defined                                             no-undef
  1063:40  warning  'f' is not defined                                             no-undef
  1067:9   warning  'ins' is not defined                                           no-undef
  1086:19  warning  'f' is not defined                                             no-undef
  1087:7   warning  'f' is not defined                                             no-undef
  1145:25  warning  'ins' is not defined                                           no-undef
  1149:31  warning  'f' is not defined                                             no-undef
  1150:29  warning  'f' is not defined                                             no-undef
  1171:33  warning  'ins' is not defined                                           no-undef
  1176:41  warning  'f' is not defined                                             no-undef
  1177:39  warning  'f' is not defined                                             no-undef
  1195:49  warning  'f' is not defined                                             no-undef
  1196:47  warning  'f' is not defined                                             no-undef
  1235:55  warning  'f' is not defined                                             no-undef
  1236:53  warning  'f' is not defined                                             no-undef
  1237:53  warning  'ins' is not defined                                           no-undef
  1272:57  warning  'ins' is not defined                                           no-undef
  1275:57  warning  'startbutton' is not defined                                   no-undef
  1277:57  warning  'startlab' is not defined                                      no-undef
  1279:57  warning  'startbutton' is not defined                                   no-undef
  1281:57  warning  'startbutton' is not defined                                   no-undef
  1330:5   warning  'f' is not defined                                             no-undef
  1344:13  warning  'f' is not defined                                             no-undef
  1345:13  warning  'f' is not defined                                             no-undef
  1350:3   warning  'ins' is not defined                                           no-undef
  1390:9   warning  'ins' is not defined                                           no-undef
  1410:11  warning  'ins' is not defined                                           no-undef
  1412:11  warning  'startbutton' is not defined                                   no-undef
  1413:11  warning  'startlab' is not defined                                      no-undef
  1414:11  warning  'startbutton' is not defined                                   no-undef
  1415:11  warning  'startbutton' is not defined                                   no-undef
  1426:3   warning  'ins' is not defined                                           no-undef
  1429:8   warning  'f' is not defined                                             no-undef
  1430:7   warning  'f' is not defined                                             no-undef
  1457:11  warning  'ins' is not defined                                           no-undef
  1469:13  warning  'ins' is not defined                                           no-undef
  1474:13  warning  'ins' is not defined                                           no-undef
  1489:15  warning  'ins' is not defined                                           no-undef
  1491:15  warning  'startbutton' is not defined                                   no-undef
  1492:15  warning  'startlab' is not defined                                      no-undef
  1493:15  warning  'startbutton' is not defined                                   no-undef
  1494:15  warning  'startbutton' is not defined                                   no-undef
  1505:3   warning  'ins' is not defined                                           no-undef
  1508:8   warning  'f' is not defined                                             no-undef
  1509:7   warning  'f' is not defined                                             no-undef
  1536:11  warning  'ins' is not defined                                           no-undef
  1548:13  warning  'ins' is not defined                                           no-undef
  1562:13  warning  'ins' is not defined                                           no-undef
  1578:15  warning  'ins' is not defined                                           no-undef
  1581:15  warning  'startbutton' is not defined                                   no-undef
  1582:15  warning  'startlab' is not defined                                      no-undef
  1583:15  warning  'startbutton' is not defined                                   no-undef
  1584:15  warning  'startbutton' is not defined                                   no-undef
  1595:3   warning  'ins' is not defined                                           no-undef
  1598:8   warning  'f' is not defined                                             no-undef
  1599:7   warning  'f' is not defined                                             no-undef
  1627:11  warning  'ins' is not defined                                           no-undef
  1639:13  warning  'ins' is not defined                                           no-undef
  1644:13  warning  'ins' is not defined                                           no-undef
  1659:15  warning  'ins' is not defined                                           no-undef
  1661:15  warning  'startbutton' is not defined                                   no-undef
  1662:15  warning  'startlab' is not defined                                      no-undef
  1663:15  warning  'startbutton' is not defined                                   no-undef
  1664:15  warning  'startbutton' is not defined                                   no-undef
  1675:3   warning  'ins' is not defined                                           no-undef
  1676:3   warning  'startbutton' is not defined                                   no-undef
  1677:3   warning  'startlab' is not defined                                      no-undef

/home/runner/work/exp-characteristics-of-centrifugal-pump-iitk/exp-characteristics-of-centrifugal-pump-iitk/experiment/simulation/script/step3.js
   17:7   warning  'tempIncreaseSwitch' is assigned a value but never used  no-unused-vars
   18:7   warning  'tempDecreaseSwitch' is assigned a value but never used  no-unused-vars
   25:7   warning  'rpmDecreaseButton' is assigned a value but never used   no-unused-vars
   28:7   warning  'timeDecreaseButton' is assigned a value but never used  no-unused-vars
   40:7   warning  'upOnSwitch2' is assigned a value but never used         no-unused-vars
   50:7   warning  'doorOpenOff' is assigned a value but never used         no-unused-vars
   54:7   warning  'beaker_water' is assigned a value but never used        no-unused-vars
   56:7   warning  'water_drop1' is assigned a value but never used         no-unused-vars
   57:7   warning  'water_drop2' is assigned a value but never used         no-unused-vars
   73:7   warning  'templabel' is assigned a value but never used           no-unused-vars
   85:5   warning  'changeins28' is assigned a value but never used         no-unused-vars
   86:5   warning  'changeins29' is assigned a value but never used         no-unused-vars
   89:5   warning  'changeins32' is assigned a value but never used         no-unused-vars
  106:1   warning  'upOnSwitch' is not defined                              no-undef
  107:1   warning  'actualTempDisplay' is not defined                       no-undef
  108:1   warning  'sampleTempDisplay' is not defined                       no-undef
  110:1   warning  'actualTempDisplay1' is not defined                      no-undef
  111:1   warning  'sampleTempDisplay1' is not defined                      no-undef
  123:7   warning  'f' is not defined                                       no-undef
  125:4   warning  'f' is not defined                                       no-undef
  127:3   warning  'ins' is not defined                                     no-undef
  147:13  warning  'f' is not defined                                       no-undef
  148:10  warning  'f' is not defined                                       no-undef
  149:11  warning  'ins' is not defined                                     no-undef
  166:19  warning  'ins' is not defined                                     no-undef
  197:35  warning  'ins' is not defined                                     no-undef
  199:40  warning  'f' is not defined                                       no-undef
  200:40  warning  'f' is not defined                                       no-undef
  210:43  warning  'ins' is not defined                                     no-undef
  223:49  warning  'f' is not defined                                       no-undef
  224:48  warning  'f' is not defined                                       no-undef
  237:51  warning  'ins' is not defined                                     no-undef
  239:51  warning  'straight_butyrometer' is not defined                    no-undef
  240:55  warning  'f' is not defined                                       no-undef
  241:52  warning  'f' is not defined                                       no-undef
  242:53  warning  'straight_butyrometer' is not defined                    no-undef
  245:55  warning  'straight_butyrometer' is not defined                    no-undef
  248:57  warning  'straight_butyrometer' is not defined                    no-undef
  249:57  warning  'straight_butyrometer' is not defined                    no-undef
  250:57  warning  'straight_butyrometer' is not defined                    no-undef
  253:59  warning  'straight_butyrometer' is not defined                    no-undef
  254:65  warning  'ins' is not defined                                     no-undef
  257:70  warning  'f' is not defined                                       no-undef
  258:7   warning  'f' is not defined                                       no-undef
  265:3   warning  'ins' is not defined                                     no-undef
  268:7   warning  'f' is not defined                                       no-undef
  269:7   warning  'f' is not defined                                       no-undef
  277:4   warning  'ins' is not defined                                     no-undef
  307:12  warning  'f' is not defined                                       no-undef
  307:21  warning  'ins' is not defined                                     no-undef
  309:10  warning  'ins' is not defined                                     no-undef
  317:11  warning  'f' is not defined                                       no-undef
  327:9   warning  'ins' is not defined                                     no-undef
  331:15  warning  'ins' is not defined                                     no-undef
  332:11  warning  'f' is not defined                                       no-undef
  343:11  warning  'f' is not defined                                       no-undef
  344:10  warning  'f' is not defined                                       no-undef
  355:3   warning  'ins' is not defined                                     no-undef
  356:3   warning  'butyrometer' is not defined                             no-undef
  358:14  warning  'f' is not defined                                       no-undef
  359:10  warning  'f' is not defined                                       no-undef
  370:4   warning  'ins' is not defined                                     no-undef
  374:10  warning  'ins' is not defined                                     no-undef
  375:14  warning  'f' is not defined                                       no-undef
  375:26  warning  'isTimerFinished' is not defined                         no-undef
  376:10  warning  'f' is not defined                                       no-undef
  399:31  warning  'stp12' is not defined                                   no-undef
  400:12  warning  'stp15' is not defined                                   no-undef
  401:13  warning  'stp32' is not defined                                   no-undef
  402:13  warning  'stp23' is not defined                                   no-undef
  403:10  warning  'butyrometer3' is not defined                            no-undef
  404:10  warning  'butyrometer3' is not defined                            no-undef
  405:12  warning  'butyrometer' is not defined                             no-undef
  407:13  warning  'straight_butyrometer' is not defined                    no-undef
  408:20  warning  'f' is not defined                                       no-undef
  409:10  warning  'f' is not defined                                       no-undef
  411:6   warning  'straight_butyrometer' is not defined                    no-undef
  413:20  warning  'straight_butyrometer' is not defined                    no-undef
  414:21  warning  'straight_butyrometer' is not defined                    no-undef
  415:21  warning  'straight_butyrometer' is not defined                    no-undef
  416:21  warning  'straight_butyrometer' is not defined                    no-undef
  418:18  warning  'straight_butyrometer' is not defined                    no-undef
  420:20  warning  'straight_butyrometer' is not defined                    no-undef
  424:20  warning  'straight_butyrometer' is not defined                    no-undef
  430:1   warning  'ins' is not defined                                     no-undef
  455:1   warning  'offSwitch' is not defined                               no-undef
  456:7   warning  'f' is not defined                                       no-undef
  457:7   warning  'f' is not defined                                       no-undef
  458:4   warning  'offSwitch' is not defined                               no-undef
  460:9   warning  'offSwitch' is not defined                               no-undef
  462:5   warning  'onswitch' is not defined                                no-undef
  463:5   warning  'onswitch' is not defined                                no-undef
  465:6   warning  'ins' is not defined                                     no-undef
  469:1   warning  'offSwitch' is not defined                               no-undef
  470:8   warning  'f' is not defined                                       no-undef
  471:7   warning  'f' is not defined                                       no-undef
  472:9   warning  'offSwitch' is not defined                               no-undef
  473:3   warning  'offSwitch' is not defined                               no-undef
  474:3   warning  'offSwitch' is not defined                               no-undef
  476:3   warning  'onswitch' is not defined                                no-undef
  478:5   warning  'onswitch' is not defined                                no-undef
  482:3   warning  'setTempDisplay' is not defined                          no-undef
  483:3   warning  'actualTempDisplay' is not defined                       no-undef
  484:4   warning  'actualTempDisplay1' is not defined                      no-undef
  485:9   warning  'actualTempDisplay' is not defined                       no-undef
  486:3   warning  'sampleTempDisplay' is not defined                       no-undef
  487:5   warning  'sampleTempDisplay1' is not defined                      no-undef
  488:9   warning  'sampleTempDisplay' is not defined                       no-undef
  489:15  warning  'sampleTempDisplay' is not defined                       no-undef
  491:3   warning  'sampleTempDisplay' is not defined                       no-undef
  492:4   warning  'ins' is not defined                                     no-undef
  499:1   warning  'upOffSwitch' is not defined                             no-undef
  506:11  warning  'upOffSwitch' is not defined                             no-undef
  510:5   warning  'upOnSwitch' is not defined                              no-undef
  515:9   warning  'sampleTempDisplay' is not defined                       no-undef
  516:15  warning  'sampleTempDisplay' is not defined                       no-undef
  519:13  warning  'ins' is not defined                                     no-undef
  529:5   warning  'upOnSwitch' is not defined                              no-undef
  530:5   warning  'upOnSwitch' is not defined                              no-undef
  533:5   warning  'upOffSwitch' is not defined                             no-undef
  536:11  warning  'upOnSwitch' is not defined                              no-undef
  537:11  warning  'sampleTempDisplay' is not defined                       no-undef
  540:5   warning  'sampleTempDisplay' is not defined                       no-undef
  543:5   warning  'ins' is not defined                                     no-undef
  548:7   warning  'upOffSwitch' is not defined                             no-undef
  549:7   warning  'upOnSwitch' is not defined                              no-undef
  556:5   warning  'ins' is not defined                                     no-undef
  558:8   warning  'f' is not defined                                       no-undef
  559:7   warning  'f' is not defined                                       no-undef
  562:3   warning  'setOn' is not defined                                   no-undef
  563:3   warning  'setOn' is not defined                                   no-undef
  565:3   warning  'ins' is not defined                                     no-undef
  569:7   warning  'currentTime' is assigned a value but never used         no-unused-vars
  572:3   warning  'actualTempDisplay' is not defined                       no-undef
  585:7   warning  'actualTempDisplay' is not defined                       no-undef
  599:12  warning  'ins' is not defined                                     no-undef
  601:17  warning  'ins' is not defined                                     no-undef
  602:12  warning  'ins' is not defined                                     no-undef
  603:19  warning  'onswitch' is not defined                                no-undef
  605:26  warning  'f' is not defined                                       no-undef
  606:7   warning  'f' is not defined                                       no-undef
  607:29  warning  'isTimerFinished' is not defined                         no-undef
  608:5   warning  'ins' is not defined                                     no-undef
  613:21  warning  'onswitch' is not defined                                no-undef
  614:21  warning  'offSwitch' is not defined                               no-undef
  615:22  warning  'offSwitch' is not defined                               no-undef
  620:21  warning  'actualTempDisplay' is not defined                       no-undef
  621:4   warning  'actualTempDisplay1' is not defined                      no-undef
  623:3   warning  'sampleTempDisplay' is not defined                       no-undef
  624:5   warning  'sampleTempDisplay1' is not defined                      no-undef
  631:12  warning  'ins' is not defined                                     no-undef
  633:32  warning  'f' is not defined                                       no-undef
  633:43  warning  'isTimerFinished' is not defined                         no-undef
  634:7   warning  'f' is not defined                                       no-undef
  643:12  warning  'ins' is not defined                                     no-undef
  649:12  warning  'ins' is not defined                                     no-undef
  668:11  warning  'actualTempDisplay' is not defined                       no-undef
  679:5   warning  'setOn' is not defined                                   no-undef
  709:13  warning  'isTimerFinished' is not defined                         no-undef
  710:5   warning  'ins' is not defined                                     no-undef
  711:9   warning  'ins' is not defined                                     no-undef
  760:4   warning  'isTimerFinished' is not defined                         no-undef
  779:14  warning  'ins' is not defined                                     no-undef
  780:15  warning  'isTimerFinished' is not defined                         no-undef
  787:13  warning  'ins' is not defined                                     no-undef
  796:9   warning  'ins' is not defined                                     no-undef
  804:4   warning  'isTimerFinished' is not defined                         no-undef
  823:15  warning  'isTimerFinished' is not defined                         no-undef
  824:10  warning  'ins' is not defined                                     no-undef
  830:12  warning  'ins' is not defined                                     no-undef
  839:7   warning  'ins' is not defined                                     no-undef

✖ 417 problems (0 errors, 417 warnings)

